Terminaux inutilisés dans la grammaire

   tESPACE
   tEXP


État 43 conflits: 4 décalage/réduction
État 44 conflits: 1 décalage/réduction
État 45 conflits: 1 décalage/réduction
État 46 conflits: 1 décalage/réduction


Grammaire

    0 $accept: Main $end

    1 Main: tINT tMAIN tAO Programme tAF

    2 Programme: Declaration tPV Programme
    3          | Instruction tPV Programme
    4          | tPRINT tPO tVAR tPF tPV Programme
    5          | %empty

    6 Declaration: tCONST tINT Variable tEQ Expression
    7            | tCONST tINT Variable
    8            | tINT Variable tEQ Expression
    9            | tINT Variable

   10 Variable: tVAR tV Variable
   11         | tVAR

   12 Expression: Expression tADD Expression
   13           | Expression tSUB Expression
   14           | Expression tMUL Expression
   15           | Expression tDIV Expression
   16           | tPO Expression tPF
   17           | tNB
   18           | tVAR

   19 Instruction: tVAR tEQ Expression


Terminaux, suivis des règles où ils apparaissent

$end (0) 0
error (256)
tMAIN (258) 1
tAO (259) 1
tAF (260) 1
tINT (261) 1 6 7 8 9
tCONST (262) 6 7
tPO (263) 4 16
tPF (264) 4 16
tESPACE (265)
tV (266) 10
tPV (267) 2 3 4
tPRINT (268) 4
tNB (269) 17
tEXP (270)
tVAR (271) 4 10 11 18 19
tMUL (272) 14
tEQ (273) 6 8 19
tADD (274) 12
tSUB (275) 13
tDIV (276) 15


Non-terminaux, suivis des règles où ils apparaissent

$accept (22)
    à gauche: 0
Main (23)
    à gauche: 1, à droite: 0
Programme (24)
    à gauche: 2 3 4 5, à droite: 1 2 3 4
Declaration (25)
    à gauche: 6 7 8 9, à droite: 2
Variable (26)
    à gauche: 10 11, à droite: 6 7 8 9 10
Expression (27)
    à gauche: 12 13 14 15 16 17 18, à droite: 6 8 12 13 14 15 16
    19
Instruction (28)
    à gauche: 19, à droite: 3


État 0

    0 $accept: . Main $end

    tINT  décalage et aller à l'état 1

    Main  aller à l'état 2


État 1

    1 Main: tINT . tMAIN tAO Programme tAF

    tMAIN  décalage et aller à l'état 3


État 2

    0 $accept: Main . $end

    $end  décalage et aller à l'état 4


État 3

    1 Main: tINT tMAIN . tAO Programme tAF

    tAO  décalage et aller à l'état 5


État 4

    0 $accept: Main $end .

    $défaut  accepter


État 5

    1 Main: tINT tMAIN tAO . Programme tAF

    tINT    décalage et aller à l'état 6
    tCONST  décalage et aller à l'état 7
    tPRINT  décalage et aller à l'état 8
    tVAR    décalage et aller à l'état 9

    $défaut  réduction par utilisation de la règle 5 (Programme)

    Programme    aller à l'état 10
    Declaration  aller à l'état 11
    Instruction  aller à l'état 12


État 6

    8 Declaration: tINT . Variable tEQ Expression
    9            | tINT . Variable

    tVAR  décalage et aller à l'état 13

    Variable  aller à l'état 14


État 7

    6 Declaration: tCONST . tINT Variable tEQ Expression
    7            | tCONST . tINT Variable

    tINT  décalage et aller à l'état 15


État 8

    4 Programme: tPRINT . tPO tVAR tPF tPV Programme

    tPO  décalage et aller à l'état 16


État 9

   19 Instruction: tVAR . tEQ Expression

    tEQ  décalage et aller à l'état 17


État 10

    1 Main: tINT tMAIN tAO Programme . tAF

    tAF  décalage et aller à l'état 18


État 11

    2 Programme: Declaration . tPV Programme

    tPV  décalage et aller à l'état 19


État 12

    3 Programme: Instruction . tPV Programme

    tPV  décalage et aller à l'état 20


État 13

   10 Variable: tVAR . tV Variable
   11         | tVAR .

    tV  décalage et aller à l'état 21

    $défaut  réduction par utilisation de la règle 11 (Variable)


État 14

    8 Declaration: tINT Variable . tEQ Expression
    9            | tINT Variable .

    tEQ  décalage et aller à l'état 22

    $défaut  réduction par utilisation de la règle 9 (Declaration)


État 15

    6 Declaration: tCONST tINT . Variable tEQ Expression
    7            | tCONST tINT . Variable

    tVAR  décalage et aller à l'état 13

    Variable  aller à l'état 23


État 16

    4 Programme: tPRINT tPO . tVAR tPF tPV Programme

    tVAR  décalage et aller à l'état 24


État 17

   19 Instruction: tVAR tEQ . Expression

    tPO   décalage et aller à l'état 25
    tNB   décalage et aller à l'état 26
    tVAR  décalage et aller à l'état 27

    Expression  aller à l'état 28


État 18

    1 Main: tINT tMAIN tAO Programme tAF .

    $défaut  réduction par utilisation de la règle 1 (Main)


État 19

    2 Programme: Declaration tPV . Programme

    tINT    décalage et aller à l'état 6
    tCONST  décalage et aller à l'état 7
    tPRINT  décalage et aller à l'état 8
    tVAR    décalage et aller à l'état 9

    $défaut  réduction par utilisation de la règle 5 (Programme)

    Programme    aller à l'état 29
    Declaration  aller à l'état 11
    Instruction  aller à l'état 12


État 20

    3 Programme: Instruction tPV . Programme

    tINT    décalage et aller à l'état 6
    tCONST  décalage et aller à l'état 7
    tPRINT  décalage et aller à l'état 8
    tVAR    décalage et aller à l'état 9

    $défaut  réduction par utilisation de la règle 5 (Programme)

    Programme    aller à l'état 30
    Declaration  aller à l'état 11
    Instruction  aller à l'état 12


État 21

   10 Variable: tVAR tV . Variable

    tVAR  décalage et aller à l'état 13

    Variable  aller à l'état 31


État 22

    8 Declaration: tINT Variable tEQ . Expression

    tPO   décalage et aller à l'état 25
    tNB   décalage et aller à l'état 26
    tVAR  décalage et aller à l'état 27

    Expression  aller à l'état 32


État 23

    6 Declaration: tCONST tINT Variable . tEQ Expression
    7            | tCONST tINT Variable .

    tEQ  décalage et aller à l'état 33

    $défaut  réduction par utilisation de la règle 7 (Declaration)


État 24

    4 Programme: tPRINT tPO tVAR . tPF tPV Programme

    tPF  décalage et aller à l'état 34


État 25

   16 Expression: tPO . Expression tPF

    tPO   décalage et aller à l'état 25
    tNB   décalage et aller à l'état 26
    tVAR  décalage et aller à l'état 27

    Expression  aller à l'état 35


État 26

   17 Expression: tNB .

    $défaut  réduction par utilisation de la règle 17 (Expression)


État 27

   18 Expression: tVAR .

    $défaut  réduction par utilisation de la règle 18 (Expression)


État 28

   12 Expression: Expression . tADD Expression
   13           | Expression . tSUB Expression
   14           | Expression . tMUL Expression
   15           | Expression . tDIV Expression
   19 Instruction: tVAR tEQ Expression .

    tMUL  décalage et aller à l'état 36
    tADD  décalage et aller à l'état 37
    tSUB  décalage et aller à l'état 38
    tDIV  décalage et aller à l'état 39

    $défaut  réduction par utilisation de la règle 19 (Instruction)


État 29

    2 Programme: Declaration tPV Programme .

    $défaut  réduction par utilisation de la règle 2 (Programme)


État 30

    3 Programme: Instruction tPV Programme .

    $défaut  réduction par utilisation de la règle 3 (Programme)


État 31

   10 Variable: tVAR tV Variable .

    $défaut  réduction par utilisation de la règle 10 (Variable)


État 32

    8 Declaration: tINT Variable tEQ Expression .
   12 Expression: Expression . tADD Expression
   13           | Expression . tSUB Expression
   14           | Expression . tMUL Expression
   15           | Expression . tDIV Expression

    tMUL  décalage et aller à l'état 36
    tADD  décalage et aller à l'état 37
    tSUB  décalage et aller à l'état 38
    tDIV  décalage et aller à l'état 39

    $défaut  réduction par utilisation de la règle 8 (Declaration)


État 33

    6 Declaration: tCONST tINT Variable tEQ . Expression

    tPO   décalage et aller à l'état 25
    tNB   décalage et aller à l'état 26
    tVAR  décalage et aller à l'état 27

    Expression  aller à l'état 40


État 34

    4 Programme: tPRINT tPO tVAR tPF . tPV Programme

    tPV  décalage et aller à l'état 41


État 35

   12 Expression: Expression . tADD Expression
   13           | Expression . tSUB Expression
   14           | Expression . tMUL Expression
   15           | Expression . tDIV Expression
   16           | tPO Expression . tPF

    tPF   décalage et aller à l'état 42
    tMUL  décalage et aller à l'état 36
    tADD  décalage et aller à l'état 37
    tSUB  décalage et aller à l'état 38
    tDIV  décalage et aller à l'état 39


État 36

   14 Expression: Expression tMUL . Expression

    tPO   décalage et aller à l'état 25
    tNB   décalage et aller à l'état 26
    tVAR  décalage et aller à l'état 27

    Expression  aller à l'état 43


État 37

   12 Expression: Expression tADD . Expression

    tPO   décalage et aller à l'état 25
    tNB   décalage et aller à l'état 26
    tVAR  décalage et aller à l'état 27

    Expression  aller à l'état 44


État 38

   13 Expression: Expression tSUB . Expression

    tPO   décalage et aller à l'état 25
    tNB   décalage et aller à l'état 26
    tVAR  décalage et aller à l'état 27

    Expression  aller à l'état 45


État 39

   15 Expression: Expression tDIV . Expression

    tPO   décalage et aller à l'état 25
    tNB   décalage et aller à l'état 26
    tVAR  décalage et aller à l'état 27

    Expression  aller à l'état 46


État 40

    6 Declaration: tCONST tINT Variable tEQ Expression .
   12 Expression: Expression . tADD Expression
   13           | Expression . tSUB Expression
   14           | Expression . tMUL Expression
   15           | Expression . tDIV Expression

    tMUL  décalage et aller à l'état 36
    tADD  décalage et aller à l'état 37
    tSUB  décalage et aller à l'état 38
    tDIV  décalage et aller à l'état 39

    $défaut  réduction par utilisation de la règle 6 (Declaration)


État 41

    4 Programme: tPRINT tPO tVAR tPF tPV . Programme

    tINT    décalage et aller à l'état 6
    tCONST  décalage et aller à l'état 7
    tPRINT  décalage et aller à l'état 8
    tVAR    décalage et aller à l'état 9

    $défaut  réduction par utilisation de la règle 5 (Programme)

    Programme    aller à l'état 47
    Declaration  aller à l'état 11
    Instruction  aller à l'état 12


État 42

   16 Expression: tPO Expression tPF .

    $défaut  réduction par utilisation de la règle 16 (Expression)


État 43

   12 Expression: Expression . tADD Expression
   13           | Expression . tSUB Expression
   14           | Expression . tMUL Expression
   14           | Expression tMUL Expression .
   15           | Expression . tDIV Expression

    tMUL  décalage et aller à l'état 36
    tADD  décalage et aller à l'état 37
    tSUB  décalage et aller à l'état 38
    tDIV  décalage et aller à l'état 39

    tMUL      [réduction par utilisation de la règle 14 (Expression)]
    tADD      [réduction par utilisation de la règle 14 (Expression)]
    tSUB      [réduction par utilisation de la règle 14 (Expression)]
    tDIV      [réduction par utilisation de la règle 14 (Expression)]
    $défaut  réduction par utilisation de la règle 14 (Expression)


État 44

   12 Expression: Expression . tADD Expression
   12           | Expression tADD Expression .
   13           | Expression . tSUB Expression
   14           | Expression . tMUL Expression
   15           | Expression . tDIV Expression

    tMUL  décalage et aller à l'état 36
    tSUB  décalage et aller à l'état 38
    tDIV  décalage et aller à l'état 39

    tMUL      [réduction par utilisation de la règle 12 (Expression)]
    $défaut  réduction par utilisation de la règle 12 (Expression)


État 45

   12 Expression: Expression . tADD Expression
   13           | Expression . tSUB Expression
   13           | Expression tSUB Expression .
   14           | Expression . tMUL Expression
   15           | Expression . tDIV Expression

    tMUL  décalage et aller à l'état 36
    tDIV  décalage et aller à l'état 39

    tMUL      [réduction par utilisation de la règle 13 (Expression)]
    $défaut  réduction par utilisation de la règle 13 (Expression)


État 46

   12 Expression: Expression . tADD Expression
   13           | Expression . tSUB Expression
   14           | Expression . tMUL Expression
   15           | Expression . tDIV Expression
   15           | Expression tDIV Expression .

    tMUL  décalage et aller à l'état 36

    tMUL      [réduction par utilisation de la règle 15 (Expression)]
    $défaut  réduction par utilisation de la règle 15 (Expression)


État 47

    4 Programme: tPRINT tPO tVAR tPF tPV Programme .

    $défaut  réduction par utilisation de la règle 4 (Programme)
