--------------------------------------------------------------------------------
Release 13.4 Trace  (lin64)
Copyright (c) 1995-2011 Xilinx, Inc.  All rights reserved.

/usr/local/insa/Xilinx.ISE/13.4/ISE_DS/ISE/bin/lin64/unwrapped/trce -intstyle
ise -v 3 -s 3 -n 3 -fastpaths -xml moduleCPT8.twx moduleCPT8.ncd -o
moduleCPT8.twr moduleCPT8.pcf -ucf moduleCPT8.ucf

Design file:              moduleCPT8.ncd
Physical constraint file: moduleCPT8.pcf
Device,package,speed:     xc6slx16,csg324,C,-3 (PRODUCTION 1.21 2012-01-07)
Report level:             verbose report

Environment Variable      Effect 
--------------------      ------ 
NONE                      No environment variables were set
--------------------------------------------------------------------------------

INFO:Timing:2698 - No timing constraints found, doing default enumeration.
INFO:Timing:3412 - To improve timing, see the Timing Closure User Guide (UG612).
INFO:Timing:2752 - To get complete path coverage, use the unconstrained paths 
   option. All paths that are not constrained will be reported in the 
   unconstrained paths section(s) of the report.
INFO:Timing:3339 - The clock-to-out numbers in this timing report are based on 
   a 50 Ohm transmission line loading model.  For the details of this model, 
   and for more information on accounting for different loading conditions, 
   please see the device datasheet.



Data Sheet report:
-----------------
All values displayed in nanoseconds (ns)

Setup/Hold to clock CK
------------+------------+------------+------------+------------+------------------+--------+
            |Max Setup to|  Process   |Max Hold to |  Process   |                  | Clock  |
Source      | clk (edge) |   Corner   | clk (edge) |   Corner   |Internal Clock(s) | Phase  |
------------+------------+------------+------------+------------+------------------+--------+
Din<0>      |    1.149(R)|      FAST  |   -0.293(R)|      SLOW  |CK_BUFGP          |   0.000|
Din<1>      |    1.180(R)|      FAST  |   -0.319(R)|      SLOW  |CK_BUFGP          |   0.000|
Din<2>      |    1.217(R)|      FAST  |   -0.479(R)|      SLOW  |CK_BUFGP          |   0.000|
Din<3>      |    1.176(R)|      FAST  |   -0.419(R)|      SLOW  |CK_BUFGP          |   0.000|
Din<4>      |    1.373(R)|      FAST  |   -0.658(R)|      SLOW  |CK_BUFGP          |   0.000|
Din<5>      |    1.130(R)|      FAST  |   -0.421(R)|      SLOW  |CK_BUFGP          |   0.000|
Din<6>      |    1.015(R)|      FAST  |   -0.344(R)|      SLOW  |CK_BUFGP          |   0.000|
Din<7>      |    1.533(R)|      FAST  |   -1.001(R)|      SLOW  |CK_BUFGP          |   0.000|
EN          |    5.365(R)|      SLOW  |   -2.984(R)|      FAST  |CK_BUFGP          |   0.000|
LOAD        |    5.589(R)|      SLOW  |   -2.457(R)|      FAST  |CK_BUFGP          |   0.000|
RST         |    3.843(R)|      SLOW  |   -2.097(R)|      FAST  |CK_BUFGP          |   0.000|
SENS        |    2.443(R)|      SLOW  |   -0.910(R)|      SLOW  |CK_BUFGP          |   0.000|
------------+------------+------------+------------+------------+------------------+--------+

Clock CK to Pad
------------+-----------------+------------+-----------------+------------+------------------+--------+
            |Max (slowest) clk|  Process   |Min (fastest) clk|  Process   |                  | Clock  |
Destination |  (edge) to PAD  |   Corner   |  (edge) to PAD  |   Corner   |Internal Clock(s) | Phase  |
------------+-----------------+------------+-----------------+------------+------------------+--------+
Dout<0>     |         7.695(R)|      SLOW  |         4.084(R)|      FAST  |CK_BUFGP          |   0.000|
Dout<1>     |         7.761(R)|      SLOW  |         4.157(R)|      FAST  |CK_BUFGP          |   0.000|
Dout<2>     |         7.633(R)|      SLOW  |         4.037(R)|      FAST  |CK_BUFGP          |   0.000|
Dout<3>     |         7.919(R)|      SLOW  |         4.232(R)|      FAST  |CK_BUFGP          |   0.000|
Dout<4>     |         7.340(R)|      SLOW  |         3.782(R)|      FAST  |CK_BUFGP          |   0.000|
Dout<5>     |         7.251(R)|      SLOW  |         3.745(R)|      FAST  |CK_BUFGP          |   0.000|
Dout<6>     |         7.287(R)|      SLOW  |         3.773(R)|      FAST  |CK_BUFGP          |   0.000|
Dout<7>     |         7.494(R)|      SLOW  |         3.917(R)|      FAST  |CK_BUFGP          |   0.000|
------------+-----------------+------------+-----------------+------------+------------------+--------+

Clock to Setup on destination clock CK
---------------+---------+---------+---------+---------+
               | Src:Rise| Src:Fall| Src:Rise| Src:Fall|
Source Clock   |Dest:Rise|Dest:Rise|Dest:Fall|Dest:Fall|
---------------+---------+---------+---------+---------+
CK             |    1.873|         |         |         |
---------------+---------+---------+---------+---------+


Analysis completed Thu Apr  8 08:37:29 2021 
--------------------------------------------------------------------------------

Trace Settings:
-------------------------
Trace Settings 

Peak Memory Usage: 388 MB



