Release 13.4 - ngc2edif O.87xd (lin64)
Copyright (c) 1995-2011 Xilinx, Inc.  All rights reserved.
Reading design moduleCPT8.ngc ...
WARNING:NetListWriters:298 - No output is written to moduleCPT8.xncf, ignored.
Processing design ...
   Preping design's networks ...
   Preping design's macros ...
  finished :Prep
Writing EDIF netlist file moduleCPT8.edif ...
ngc2edif: Total memory usage is 104092 kilobytes

Release 13.4 - ngc2edif O.87xd (lin64)
Copyright (c) 1995-2011 Xilinx, Inc.  All rights reserved.
Reading design moduleCPT8.ngc ...
WARNING:NetListWriters:298 - No output is written to moduleCPT8.xncf, ignored.
Processing design ...
   Preping design's networks ...
   Preping design's macros ...
  finished :Prep
Writing EDIF netlist file moduleCPT8.edif ...
ngc2edif: Total memory usage is 104096 kilobytes

Release 13.4 - ngc2edif O.87xd (lin64)
Copyright (c) 1995-2011 Xilinx, Inc.  All rights reserved.
Reading design moduleCPT8.ngc ...
WARNING:NetListWriters:298 - No output is written to moduleCPT8.xncf, ignored.
Processing design ...
   Preping design's networks ...
   Preping design's macros ...
  finished :Prep
Writing EDIF netlist file moduleCPT8.edif ...
ngc2edif: Total memory usage is 104096 kilobytes

Release 13.4 - ngc2edif O.87xd (lin64)
Copyright (c) 1995-2011 Xilinx, Inc.  All rights reserved.
Reading design moduleCPT8.ngc ...
WARNING:NetListWriters:298 - No output is written to moduleCPT8.xncf, ignored.
Processing design ...
   Preping design's networks ...
   Preping design's macros ...
  finished :Prep
Writing EDIF netlist file moduleCPT8.edif ...
ngc2edif: Total memory usage is 104096 kilobytes

